myappproject/ptr-libs/build/outputs/logs/manifest-merger-debug-report.txt
-- Merging decision tree log ---
manifest
ADDED from myappproject\ptr-libs\AndroidManifest.xml:2:1-12:12
INJECTED from myappproject\ptr-libs\AndroidManifest.xml:2:1-12:12
INJECTED from myappproject\ptr-libs\AndroidManifest.xml:2:1-12:12
INJECTED from myappproject\ptr-libs\AndroidManifest.xml:2:1-12:12
INJECTED from myappproject\ptr-libs\AndroidManifest.xml:2:1-12:12
INJECTED from myappproject\ptr-libs\AndroidManifest.xml:2:1-12:12
INJECTED from myappproject\ptr-libs\AndroidManifest.xml:2:1-12:12
	package
		ADDED from myappproject\ptr-libs\AndroidManifest.xml:3:5-38
		INJECTED from myappproject\ptr-libs\AndroidManifest.xml
		INJECTED from myappproject\ptr-libs\AndroidManifest.xml
	android:versionName
		ADDED from myappproject\ptr-libs\AndroidManifest.xml:5:5-30
		INJECTED from myappproject\ptr-libs\AndroidManifest.xml
		INJECTED from myappproject\ptr-libs\AndroidManifest.xml
	xmlns:android
		ADDED from myappproject\ptr-libs\AndroidManifest.xml:2:11-69
	android:versionCode
		ADDED from myappproject\ptr-libs\AndroidManifest.xml:4:5-28
		INJECTED from myappproject\ptr-libs\AndroidManifest.xml
		INJECTED from myappproject\ptr-libs\AndroidManifest.xml
uses-sdk
ADDED from myappproject\ptr-libs\AndroidManifest.xml:7:5-9:41
INJECTED from myappproject\ptr-libs\AndroidManifest.xml:7:5-9:41
INJECTED from myappproject\ptr-libs\AndroidManifest.xml:7:5-9:41
INJECTED from myappproject\ptr-libs\AndroidManifest.xml:7:5-9:41
INJECTED from myappproject\ptr-libs\AndroidManifest.xml:7:5-9:41
	android:targetSdkVersion
		ADDED from myappproject\ptr-libs\AndroidManifest.xml:9:9-38
		INJECTED from myappproject\ptr-libs\AndroidManifest.xml
		INJECTED from myappproject\ptr-libs\AndroidManifest.xml
	android:minSdkVersion
		ADDED from myappproject\ptr-libs\AndroidManifest.xml:8:9-34
		INJECTED from myappproject\ptr-libs\AndroidManifest.xml
		INJECTED from myappproject\ptr-libs\AndroidManifest.xml
application
ADDED from myappproject\ptr-libs\AndroidManifest.xml:11:5-20